# JRE version: OpenJDK Runtime Environment (11.0.7+10) (build 11.0.7+10-post-Ubuntu-2ubuntu218.04)
# Java VM: OpenJDK 64-Bit Server VM (11.0.7+10-post-Ubuntu-2ubuntu218.04, mixed mode, tiered, compressed oops, g1 gc, linux-aarch64)
Heap:
 garbage-first heap   total 200704K, used 1243K [0x00000000e3c00000, 0x0000000100000000)
  region size 1024K, 1 young (1024K), 1 survivors (1024K)
 Metaspace       used 8075K, capacity 8238K, committed 8448K, reserved 1056768K
  class space    used 690K, capacity 727K, committed 768K, reserved 1048576K
GC Heap History (20 events):
Event: 13979.316 GC heap after
{Heap after GC invocations=430 (full 0):
 garbage-first heap   total 90112K, used 1250K [0x00000000e3c00000, 0x0000000100000000)
  region size 1024K, 1 young (1024K), 1 survivors (1024K)
 Metaspace       used 8074K, capacity 8238K, committed 8448K, reserved 1056768K
  class space    used 690K, capacity 727K, committed 768K, reserved 1048576K
}
Event: 13988.995 GC heap before
{Heap before GC invocations=430 (full 0):
 garbage-first heap   total 90112K, used 4322K [0x00000000e3c00000, 0x0000000100000000)
  region size 1024K, 4 young (4096K), 1 survivors (1024K)
 Metaspace       used 8074K, capacity 8238K, committed 8448K, reserved 1056768K
  class space    used 690K, capacity 727K, committed 768K, reserved 1048576K
}
Event: 13989.747 GC heap after
{Heap after GC invocations=431 (full 0):
 garbage-first heap   total 113664K, used 1242K [0x00000000e3c00000, 0x0000000100000000)
  region size 1024K, 1 young (1024K), 1 survivors (1024K)
 Metaspace       used 8074K, capacity 8238K, committed 8448K, reserved 1056768K
  class space    used 690K, capacity 727K, committed 768K, reserved 1048576K
}
Event: 14001.108 GC heap before
{Heap before GC invocations=431 (full 0):
 garbage-first heap   total 113664K, used 4314K [0x00000000e3c00000, 0x0000000100000000)
  region size 1024K, 5 young (5120K), 1 survivors (1024K)
 Metaspace       used 8074K, capacity 8238K, committed 8448K, reserved 1056768K
  class space    used 690K, capacity 727K, committed 768K, reserved 1048576K
}
Event: 14001.812 GC heap after
{Heap after GC invocations=432 (full 0):
 garbage-first heap   total 113664K, used 1250K [0x00000000e3c00000, 0x0000000100000000)
  region size 1024K, 1 young (1024K), 1 survivors (1024K)
 Metaspace       used 8074K, capacity 8238K, committed 8448K, reserved 1056768K
  class space    used 690K, capacity 727K, committed 768K, reserved 1048576K
}
Event: 14018.200 GC heap before
{Heap before GC invocations=432 (full 0):
 garbage-first heap   total 113664K, used 5346K [0x00000000e3c00000, 0x0000000100000000)
  region size 1024K, 5 young (5120K), 1 survivors (1024K)
 Metaspace       used 8074K, capacity 8238K, committed 8448K, reserved 1056768K
  class space    used 690K, capacity 727K, committed 768K, reserved 1048576K
}
Event: 14019.013 GC heap after
{Heap after GC invocations=433 (full 0):
 garbage-first heap   total 113664K, used 1250K [0x00000000e3c00000, 0x0000000100000000)
  region size 1024K, 1 young (1024K), 1 survivors (1024K)
 Metaspace       used 8074K, capacity 8238K, committed 8448K, reserved 1056768K
  class space    used 690K, capacity 727K, committed 768K, reserved 1048576K
}
Event: 14038.566 GC heap before
{Heap before GC invocations=433 (full 0):
 garbage-first heap   total 113664K, used 5346K [0x00000000e3c00000, 0x0000000100000000)
  region size 1024K, 5 young (5120K), 1 survivors (1024K)
 Metaspace       used 8075K, capacity 8238K, committed 8448K, reserved 1056768K
  class space    used 690K, capacity 727K, committed 768K, reserved 1048576K
}
Event: 14039.670 GC heap after
{Heap after GC invocations=434 (full 0):
 garbage-first heap   total 113664K, used 1245K [0x00000000e3c00000, 0x0000000100000000)
  region size 1024K, 1 young (1024K), 1 survivors (1024K)
 Metaspace       used 8075K, capacity 8238K, committed 8448K, reserved 1056768K
  class space    used 690K, capacity 727K, committed 768K, reserved 1048576K
}
Event: 14053.616 GC heap before
{Heap before GC invocations=434 (full 0):
 garbage-first heap   total 113664K, used 5341K [0x00000000e3c00000, 0x0000000100000000)
  region size 1024K, 5 young (5120K), 1 survivors (1024K)
 Metaspace       used 8075K, capacity 8238K, committed 8448K, reserved 1056768K
  class space    used 690K, capacity 727K, committed 768K, reserved 1048576K
}
Event: 14054.506 GC heap after
{Heap after GC invocations=435 (full 0):
 garbage-first heap   total 135168K, used 1242K [0x00000000e3c00000, 0x0000000100000000)
  region size 1024K, 1 young (1024K), 1 survivors (1024K)
 Metaspace       used 8075K, capacity 8238K, committed 8448K, reserved 1056768K
  class space    used 690K, capacity 727K, committed 768K, reserved 1048576K
}
Event: 14075.849 GC heap before
{Heap before GC invocations=435 (full 0):
 garbage-first heap   total 135168K, used 6362K [0x00000000e3c00000, 0x0000000100000000)
  region size 1024K, 6 young (6144K), 1 survivors (1024K)
 Metaspace       used 8075K, capacity 8238K, committed 8448K, reserved 1056768K
  class space    used 690K, capacity 727K, committed 768K, reserved 1048576K
}
Event: 14079.468 GC heap after
{Heap after GC invocations=436 (full 0):
 garbage-first heap   total 135168K, used 1243K [0x00000000e3c00000, 0x0000000100000000)
  region size 1024K, 1 young (1024K), 1 survivors (1024K)
 Metaspace       used 8075K, capacity 8238K, committed 8448K, reserved 1056768K
  class space    used 690K, capacity 727K, committed 768K, reserved 1048576K
}
Event: 14102.507 GC heap before
{Heap before GC invocations=436 (full 0):
 garbage-first heap   total 135168K, used 6363K [0x00000000e3c00000, 0x0000000100000000)
  region size 1024K, 6 young (6144K), 1 survivors (1024K)
 Metaspace       used 8075K, capacity 8238K, committed 8448K, reserved 1056768K
  class space    used 690K, capacity 727K, committed 768K, reserved 1048576K
}
Event: 14105.638 GC heap after
{Heap after GC invocations=437 (full 0):
 garbage-first heap   total 135168K, used 1245K [0x00000000e3c00000, 0x0000000100000000)
  region size 1024K, 1 young (1024K), 1 survivors (1024K)
 Metaspace       used 8075K, capacity 8238K, committed 8448K, reserved 1056768K
  class space    used 690K, capacity 727K, committed 768K, reserved 1048576K
}
Event: 14135.150 GC heap before
{Heap before GC invocations=437 (full 0):
 garbage-first heap   total 135168K, used 6365K [0x00000000e3c00000, 0x0000000100000000)
  region size 1024K, 6 young (6144K), 1 survivors (1024K)
 Metaspace       used 8075K, capacity 8238K, committed 8448K, reserved 1056768K
  class space    used 690K, capacity 727K, committed 768K, reserved 1048576K
}
Event: 14137.386 GC heap after
{Heap after GC invocations=438 (full 0):
 garbage-first heap   total 135168K, used 1245K [0x00000000e3c00000, 0x0000000100000000)
  region size 1024K, 1 young (1024K), 1 survivors (1024K)
 Metaspace       used 8075K, capacity 8238K, committed 8448K, reserved 1056768K
  class space    used 690K, capacity 727K, committed 768K, reserved 1048576K
}
Event: 14188.847 GC heap before
{Heap before GC invocations=438 (full 0):
 garbage-first heap   total 135168K, used 6365K [0x00000000e3c00000, 0x0000000100000000)
  region size 1024K, 6 young (6144K), 1 survivors (1024K)
 Metaspace       used 8075K, capacity 8238K, committed 8448K, reserved 1056768K
  class space    used 690K, capacity 727K, committed 768K, reserved 1048576K
}
Event: 14192.718 GC heap after
{Heap after GC invocations=439 (full 0):
 garbage-first heap   total 135168K, used 1249K [0x00000000e3c00000, 0x0000000100000000)
  region size 1024K, 1 young (1024K), 1 survivors (1024K)
 Metaspace       used 8075K, capacity 8238K, committed 8448K, reserved 1056768K
  class space    used 690K, capacity 727K, committed 768K, reserved 1048576K
}
Event: 14265.414 GC heap before
{Heap before GC invocations=439 (full 0):
 garbage-first heap   total 135168K, used 6369K [0x00000000e3c00000, 0x0000000100000000)
  region size 1024K, 6 young (6144K), 1 survivors (1024K)
 Metaspace       used 8075K, capacity 8238K, committed 8448K, reserved 1056768K
  class space    used 690K, capacity 727K, committed 768K, reserved 1048576K
}

