# JRE version: OpenJDK Runtime Environment (11.0.7+10) (build 11.0.7+10-post-Ubuntu-2ubuntu218.04)
# Java VM: OpenJDK 64-Bit Server VM (11.0.7+10-post-Ubuntu-2ubuntu218.04, mixed mode, tiered, compressed oops, parallel gc, linux-aarch64)
Heap:
 PSYoungGen      total 59904K, used 0K [0x00000000eab00000, 0x00000000efc00000, 0x0000000100000000)
  eden space 40960K, 0% used [0x00000000eab00000,0x00000000eab00000,0x00000000ed300000)
  from space 18944K, 0% used [0x00000000ee980000,0x00000000ee980000,0x00000000efc00000)
  to   space 8704K, 0% used [0x00000000ed300000,0x00000000ed300000,0x00000000edb80000)
 ParOldGen       total 255488K, used 250038K [0x00000000c0000000, 0x00000000cf980000, 0x00000000eab00000)
  object space 255488K, 97% used [0x00000000c0000000,0x00000000cf42da18,0x00000000cf980000)
 Metaspace       used 62638K, capacity 65720K, committed 65792K, reserved 1107968K
  class space    used 6334K, capacity 7388K, committed 7424K, reserved 1048576K
GC Heap History (20 events):
Event: 135.008 GC heap after
{Heap after GC invocations=72 (full 6):
 PSYoungGen      total 27136K, used 3184K [0x00000000eab00000, 0x00000000ecc00000, 0x0000000100000000)
  eden space 23552K, 0% used [0x00000000eab00000,0x00000000eab00000,0x00000000ec200000)
  from space 3584K, 88% used [0x00000000ec880000,0x00000000ecb9c218,0x00000000ecc00000)
  to   space 4608K, 0% used [0x00000000ec300000,0x00000000ec300000,0x00000000ec780000)
 ParOldGen       total 255488K, used 188185K [0x00000000c0000000, 0x00000000cf980000, 0x00000000eab00000)
  object space 255488K, 73% used [0x00000000c0000000,0x00000000cb7c65e0,0x00000000cf980000)
 Metaspace       used 62485K, capacity 65592K, committed 65792K, reserved 1107968K
  class space    used 6333K, capacity 7388K, committed 7424K, reserved 1048576K
}
Event: 135.755 GC heap before
{Heap before GC invocations=73 (full 6):
 PSYoungGen      total 27136K, used 26736K [0x00000000eab00000, 0x00000000ecc00000, 0x0000000100000000)
  eden space 23552K, 100% used [0x00000000eab00000,0x00000000ec200000,0x00000000ec200000)
  from space 3584K, 88% used [0x00000000ec880000,0x00000000ecb9c218,0x00000000ecc00000)
  to   space 4608K, 0% used [0x00000000ec300000,0x00000000ec300000,0x00000000ec780000)
 ParOldGen       total 255488K, used 188185K [0x00000000c0000000, 0x00000000cf980000, 0x00000000eab00000)
  object space 255488K, 73% used [0x00000000c0000000,0x00000000cb7c65e0,0x00000000cf980000)
 Metaspace       used 62627K, capacity 65720K, committed 65792K, reserved 1107968K
  class space    used 6333K, capacity 7388K, committed 7424K, reserved 1048576K
}
Event: 135.831 GC heap after
{Heap after GC invocations=73 (full 6):
 PSYoungGen      total 29184K, used 4590K [0x00000000eab00000, 0x00000000ed680000, 0x0000000100000000)
  eden space 24576K, 0% used [0x00000000eab00000,0x00000000eab00000,0x00000000ec300000)
  from space 4608K, 99% used [0x00000000ec300000,0x00000000ec77b9a8,0x00000000ec780000)
  to   space 9216K, 0% used [0x00000000ecd80000,0x00000000ecd80000,0x00000000ed680000)
 ParOldGen       total 255488K, used 191530K [0x00000000c0000000, 0x00000000cf980000, 0x00000000eab00000)
  object space 255488K, 74% used [0x00000000c0000000,0x00000000cbb0a960,0x00000000cf980000)
 Metaspace       used 62627K, capacity 65720K, committed 65792K, reserved 1107968K
  class space    used 6333K, capacity 7388K, committed 7424K, reserved 1048576K
}
Event: 136.382 GC heap before
{Heap before GC invocations=74 (full 6):
 PSYoungGen      total 29184K, used 29166K [0x00000000eab00000, 0x00000000ed680000, 0x0000000100000000)
  eden space 24576K, 100% used [0x00000000eab00000,0x00000000ec300000,0x00000000ec300000)
  from space 4608K, 99% used [0x00000000ec300000,0x00000000ec77b9a8,0x00000000ec780000)
  to   space 9216K, 0% used [0x00000000ecd80000,0x00000000ecd80000,0x00000000ed680000)
 ParOldGen       total 255488K, used 191530K [0x00000000c0000000, 0x00000000cf980000, 0x00000000eab00000)
  object space 255488K, 74% used [0x00000000c0000000,0x00000000cbb0a960,0x00000000cf980000)
 Metaspace       used 62632K, capacity 65720K, committed 65792K, reserved 1107968K
  class space    used 6333K, capacity 7388K, committed 7424K, reserved 1048576K
}
Event: 136.419 GC heap after
{Heap after GC invocations=74 (full 6):
 PSYoungGen      total 32768K, used 5468K [0x00000000eab00000, 0x00000000ed300000, 0x0000000100000000)
  eden space 27136K, 0% used [0x00000000eab00000,0x00000000eab00000,0x00000000ec580000)
  from space 5632K, 97% used [0x00000000ecd80000,0x00000000ed2d7038,0x00000000ed300000)
  to   space 6656K, 0% used [0x00000000ec600000,0x00000000ec600000,0x00000000ecc80000)
 ParOldGen       total 255488K, used 196045K [0x00000000c0000000, 0x00000000cf980000, 0x00000000eab00000)
  object space 255488K, 76% used [0x00000000c0000000,0x00000000cbf734c8,0x00000000cf980000)
 Metaspace       used 62632K, capacity 65720K, committed 65792K, reserved 1107968K
  class space    used 6333K, capacity 7388K, committed 7424K, reserved 1048576K
}
Event: 136.854 GC heap before
{Heap before GC invocations=75 (full 6):
 PSYoungGen      total 32768K, used 32604K [0x00000000eab00000, 0x00000000ed300000, 0x0000000100000000)
  eden space 27136K, 100% used [0x00000000eab00000,0x00000000ec580000,0x00000000ec580000)
  from space 5632K, 97% used [0x00000000ecd80000,0x00000000ed2d7038,0x00000000ed300000)
  to   space 6656K, 0% used [0x00000000ec600000,0x00000000ec600000,0x00000000ecc80000)
 ParOldGen       total 255488K, used 196045K [0x00000000c0000000, 0x00000000cf980000, 0x00000000eab00000)
  object space 255488K, 76% used [0x00000000c0000000,0x00000000cbf734c8,0x00000000cf980000)
 Metaspace       used 62632K, capacity 65720K, committed 65792K, reserved 1107968K
  class space    used 6333K, capacity 7388K, committed 7424K, reserved 1048576K
}
Event: 136.901 GC heap after
{Heap after GC invocations=75 (full 6):
 PSYoungGen      total 34304K, used 6655K [0x00000000eab00000, 0x00000000ee600000, 0x0000000100000000)
  eden space 27648K, 0% used [0x00000000eab00000,0x00000000eab00000,0x00000000ec600000)
  from space 6656K, 99% used [0x00000000ec600000,0x00000000ecc7fea0,0x00000000ecc80000)
  to   space 15360K, 0% used [0x00000000ed700000,0x00000000ed700000,0x00000000ee600000)
 ParOldGen       total 255488K, used 203221K [0x00000000c0000000, 0x00000000cf980000, 0x00000000eab00000)
  object space 255488K, 79% used [0x00000000c0000000,0x00000000cc6755e0,0x00000000cf980000)
 Metaspace       used 62632K, capacity 65720K, committed 65792K, reserved 1107968K
  class space    used 6333K, capacity 7388K, committed 7424K, reserved 1048576K
}
Event: 137.224 GC heap before
{Heap before GC invocations=76 (full 6):
 PSYoungGen      total 34304K, used 34303K [0x00000000eab00000, 0x00000000ee600000, 0x0000000100000000)
  eden space 27648K, 100% used [0x00000000eab00000,0x00000000ec600000,0x00000000ec600000)
  from space 6656K, 99% used [0x00000000ec600000,0x00000000ecc7fea0,0x00000000ecc80000)
  to   space 15360K, 0% used [0x00000000ed700000,0x00000000ed700000,0x00000000ee600000)
 ParOldGen       total 255488K, used 203221K [0x00000000c0000000, 0x00000000cf980000, 0x00000000eab00000)
  object space 255488K, 79% used [0x00000000c0000000,0x00000000cc6755e0,0x00000000cf980000)
 Metaspace       used 62632K, capacity 65720K, committed 65792K, reserved 1107968K
  class space    used 6333K, capacity 7388K, committed 7424K, reserved 1048576K
}
Event: 137.264 GC heap after
{Heap after GC invocations=76 (full 6):
 PSYoungGen      total 37376K, used 6202K [0x00000000eab00000, 0x00000000edd80000, 0x0000000100000000)
  eden space 30720K, 0% used [0x00000000eab00000,0x00000000eab00000,0x00000000ec900000)
  from space 6656K, 93% used [0x00000000ed700000,0x00000000edd0ea88,0x00000000edd80000)
  to   space 9216K, 0% used [0x00000000ecb80000,0x00000000ecb80000,0x00000000ed480000)
 ParOldGen       total 255488K, used 209923K [0x00000000c0000000, 0x00000000cf980000, 0x00000000eab00000)
  object space 255488K, 82% used [0x00000000c0000000,0x00000000ccd00dd0,0x00000000cf980000)
 Metaspace       used 62632K, capacity 65720K, committed 65792K, reserved 1107968K
  class space    used 6333K, capacity 7388K, committed 7424K, reserved 1048576K
}
Event: 137.642 GC heap before
{Heap before GC invocations=77 (full 6):
 PSYoungGen      total 37376K, used 36922K [0x00000000eab00000, 0x00000000edd80000, 0x0000000100000000)
  eden space 30720K, 100% used [0x00000000eab00000,0x00000000ec900000,0x00000000ec900000)
  from space 6656K, 93% used [0x00000000ed700000,0x00000000edd0ea88,0x00000000edd80000)
  to   space 9216K, 0% used [0x00000000ecb80000,0x00000000ecb80000,0x00000000ed480000)
 ParOldGen       total 255488K, used 209923K [0x00000000c0000000, 0x00000000cf980000, 0x00000000eab00000)
  object space 255488K, 82% used [0x00000000c0000000,0x00000000ccd00dd0,0x00000000cf980000)
 Metaspace       used 62633K, capacity 65720K, committed 65792K, reserved 1107968K
  class space    used 6333K, capacity 7388K, committed 7424K, reserved 1048576K
}
Event: 137.692 GC heap after
{Heap after GC invocations=77 (full 6):
 PSYoungGen      total 42496K, used 9190K [0x00000000eab00000, 0x00000000ee800000, 0x0000000100000000)
  eden space 33280K, 0% used [0x00000000eab00000,0x00000000eab00000,0x00000000ecb80000)
  from space 9216K, 99% used [0x00000000ecb80000,0x00000000ed479ad0,0x00000000ed480000)
  to   space 14336K, 0% used [0x00000000eda00000,0x00000000eda00000,0x00000000ee800000)
 ParOldGen       total 255488K, used 213563K [0x00000000c0000000, 0x00000000cf980000, 0x00000000eab00000)
  object space 255488K, 83% used [0x00000000c0000000,0x00000000cd08ec40,0x00000000cf980000)
 Metaspace       used 62633K, capacity 65720K, committed 65792K, reserved 1107968K
  class space    used 6333K, capacity 7388K, committed 7424K, reserved 1048576K
}
Event: 138.079 GC heap before
{Heap before GC invocations=78 (full 6):
 PSYoungGen      total 42496K, used 42470K [0x00000000eab00000, 0x00000000ee800000, 0x0000000100000000)
  eden space 33280K, 100% used [0x00000000eab00000,0x00000000ecb80000,0x00000000ecb80000)
  from space 9216K, 99% used [0x00000000ecb80000,0x00000000ed479ad0,0x00000000ed480000)
  to   space 14336K, 0% used [0x00000000eda00000,0x00000000eda00000,0x00000000ee800000)
 ParOldGen       total 255488K, used 213563K [0x00000000c0000000, 0x00000000cf980000, 0x00000000eab00000)
  object space 255488K, 83% used [0x00000000c0000000,0x00000000cd08ec40,0x00000000cf980000)
 Metaspace       used 62633K, capacity 65720K, committed 65792K, reserved 1107968K
  class space    used 6333K, capacity 7388K, committed 7424K, reserved 1048576K
}
Event: 138.146 GC heap after
{Heap after GC invocations=78 (full 6):
 PSYoungGen      total 45056K, used 7700K [0x00000000eab00000, 0x00000000ee200000, 0x0000000100000000)
  eden space 36864K, 0% used [0x00000000eab00000,0x00000000eab00000,0x00000000ecf00000)
  from space 8192K, 93% used [0x00000000eda00000,0x00000000ee185048,0x00000000ee200000)
  to   space 9728K, 0% used [0x00000000ecf00000,0x00000000ecf00000,0x00000000ed880000)
 ParOldGen       total 255488K, used 222792K [0x00000000c0000000, 0x00000000cf980000, 0x00000000eab00000)
  object space 255488K, 87% used [0x00000000c0000000,0x00000000cd992348,0x00000000cf980000)
 Metaspace       used 62633K, capacity 65720K, committed 65792K, reserved 1107968K
  class space    used 6333K, capacity 7388K, committed 7424K, reserved 1048576K
}
Event: 138.467 GC heap before
{Heap before GC invocations=79 (full 6):
 PSYoungGen      total 45056K, used 44564K [0x00000000eab00000, 0x00000000ee200000, 0x0000000100000000)
  eden space 36864K, 100% used [0x00000000eab00000,0x00000000ecf00000,0x00000000ecf00000)
  from space 8192K, 93% used [0x00000000eda00000,0x00000000ee185048,0x00000000ee200000)
  to   space 9728K, 0% used [0x00000000ecf00000,0x00000000ecf00000,0x00000000ed880000)
 ParOldGen       total 255488K, used 222792K [0x00000000c0000000, 0x00000000cf980000, 0x00000000eab00000)
  object space 255488K, 87% used [0x00000000c0000000,0x00000000cd992348,0x00000000cf980000)
 Metaspace       used 62633K, capacity 65720K, committed 65792K, reserved 1107968K
  class space    used 6333K, capacity 7388K, committed 7424K, reserved 1048576K
}
Event: 138.526 GC heap after
{Heap after GC invocations=79 (full 6):
 PSYoungGen      total 46592K, used 8050K [0x00000000eab00000, 0x00000000ee400000, 0x0000000100000000)
  eden space 36864K, 0% used [0x00000000eab00000,0x00000000eab00000,0x00000000ecf00000)
  from space 9728K, 82% used [0x00000000ecf00000,0x00000000ed6dc8b8,0x00000000ed880000)
  to   space 8704K, 0% used [0x00000000edb80000,0x00000000edb80000,0x00000000ee400000)
 ParOldGen       total 255488K, used 230409K [0x00000000c0000000, 0x00000000cf980000, 0x00000000eab00000)
  object space 255488K, 90% used [0x00000000c0000000,0x00000000ce102730,0x00000000cf980000)
 Metaspace       used 62633K, capacity 65720K, committed 65792K, reserved 1107968K
  class space    used 6333K, capacity 7388K, committed 7424K, reserved 1048576K
}
Event: 138.891 GC heap before
{Heap before GC invocations=80 (full 6):
 PSYoungGen      total 46592K, used 44914K [0x00000000eab00000, 0x00000000ee400000, 0x0000000100000000)
  eden space 36864K, 100% used [0x00000000eab00000,0x00000000ecf00000,0x00000000ecf00000)
  from space 9728K, 82% used [0x00000000ecf00000,0x00000000ed6dc8b8,0x00000000ed880000)
  to   space 8704K, 0% used [0x00000000edb80000,0x00000000edb80000,0x00000000ee400000)
 ParOldGen       total 255488K, used 230409K [0x00000000c0000000, 0x00000000cf980000, 0x00000000eab00000)
  object space 255488K, 90% used [0x00000000c0000000,0x00000000ce102730,0x00000000cf980000)
 Metaspace       used 62634K, capacity 65720K, committed 65792K, reserved 1107968K
  class space    used 6333K, capacity 7388K, committed 7424K, reserved 1048576K
}
Event: 138.939 GC heap after
{Heap after GC invocations=80 (full 6):
 PSYoungGen      total 49664K, used 8175K [0x00000000eab00000, 0x00000000ee400000, 0x0000000100000000)
  eden space 40960K, 0% used [0x00000000eab00000,0x00000000eab00000,0x00000000ed300000)
  from space 8704K, 93% used [0x00000000edb80000,0x00000000ee37bcf8,0x00000000ee400000)
  to   space 8704K, 0% used [0x00000000ed300000,0x00000000ed300000,0x00000000edb80000)
 ParOldGen       total 255488K, used 238333K [0x00000000c0000000, 0x00000000cf980000, 0x00000000eab00000)
  object space 255488K, 93% used [0x00000000c0000000,0x00000000ce8bf708,0x00000000cf980000)
 Metaspace       used 62634K, capacity 65720K, committed 65792K, reserved 1107968K
  class space    used 6333K, capacity 7388K, committed 7424K, reserved 1048576K
}
Event: 139.559 GC heap before
{Heap before GC invocations=81 (full 6):
 PSYoungGen      total 49664K, used 49135K [0x00000000eab00000, 0x00000000ee400000, 0x0000000100000000)
  eden space 40960K, 100% used [0x00000000eab00000,0x00000000ed300000,0x00000000ed300000)
  from space 8704K, 93% used [0x00000000edb80000,0x00000000ee37bcf8,0x00000000ee400000)
  to   space 8704K, 0% used [0x00000000ed300000,0x00000000ed300000,0x00000000edb80000)
 ParOldGen       total 255488K, used 238333K [0x00000000c0000000, 0x00000000cf980000, 0x00000000eab00000)
  object space 255488K, 93% used [0x00000000c0000000,0x00000000ce8bf708,0x00000000cf980000)
 Metaspace       used 62638K, capacity 65720K, committed 65792K, reserved 1107968K
  class space    used 6334K, capacity 7388K, committed 7424K, reserved 1048576K
}
Event: 139.627 GC heap after
{Heap after GC invocations=81 (full 6):
 PSYoungGen      total 49664K, used 8699K [0x00000000eab00000, 0x00000000efc00000, 0x0000000100000000)
  eden space 40960K, 0% used [0x00000000eab00000,0x00000000eab00000,0x00000000ed300000)
  from space 8704K, 99% used [0x00000000ed300000,0x00000000edb7ee08,0x00000000edb80000)
  to   space 18944K, 0% used [0x00000000ee980000,0x00000000ee980000,0x00000000efc00000)
 ParOldGen       total 255488K, used 246894K [0x00000000c0000000, 0x00000000cf980000, 0x00000000eab00000)
  object space 255488K, 96% used [0x00000000c0000000,0x00000000cf11b970,0x00000000cf980000)
 Metaspace       used 62638K, capacity 65720K, committed 65792K, reserved 1107968K
  class space    used 6334K, capacity 7388K, committed 7424K, reserved 1048576K
}
Event: 139.630 GC heap before
{Heap before GC invocations=82 (full 7):
 PSYoungGen      total 49664K, used 8699K [0x00000000eab00000, 0x00000000efc00000, 0x0000000100000000)
  eden space 40960K, 0% used [0x00000000eab00000,0x00000000eab00000,0x00000000ed300000)
  from space 8704K, 99% used [0x00000000ed300000,0x00000000edb7ee08,0x00000000edb80000)
  to   space 18944K, 0% used [0x00000000ee980000,0x00000000ee980000,0x00000000efc00000)
 ParOldGen       total 255488K, used 246894K [0x00000000c0000000, 0x00000000cf980000, 0x00000000eab00000)
  object space 255488K, 96% used [0x00000000c0000000,0x00000000cf11b970,0x00000000cf980000)
 Metaspace       used 62638K, capacity 65720K, committed 65792K, reserved 1107968K
  class space    used 6334K, capacity 7388K, committed 7424K, reserved 1048576K
}

